{
  "stats": {
    "suites": 1,
    "tests": 1,
    "passes": 1,
    "pending": 0,
    "failures": 0,
    "start": "2023-03-31T12:20:44.366Z",
    "end": "2023-03-31T12:20:47.621Z",
    "duration": 3255,
    "testsRegistered": 1,
    "passPercent": 100,
    "pendingPercent": 0,
    "other": 0,
    "hasOther": false,
    "skipped": 0,
    "hasSkipped": false
  },
  "results": [
    {
      "uuid": "16da1192-b051-460b-a5a7-83fd2252f810",
      "title": "",
      "fullFile": "cypress\\e2e\\Testes\\create.cy.js",
      "file": "cypress\\e2e\\Testes\\create.cy.js",
      "beforeHooks": [],
      "afterHooks": [],
      "tests": [],
      "suites": [
        {
          "uuid": "08e014d9-4203-4bd7-9620-027f5502df66",
          "title": "API testing - creating requests using faker.js",
          "fullFile": "",
          "file": "",
          "beforeHooks": [],
          "afterHooks": [],
          "tests": [
            {
              "title": "API testing - sending a request",
              "fullTitle": "API testing - creating requests using faker.js API testing - sending a request",
              "timedOut": null,
              "duration": 3128,
              "state": "passed",
              "speed": "fast",
              "pass": true,
              "fail": false,
              "pending": false,
              "context": null,
              "code": "cy.api({\n  method: 'POST',\n  url: Cypress.env('URL_TEST') + '/booking',\n  body: {\n    \"firstname\": firstName,\n    \"lastname\": lastName,\n    \"totalprice\": price,\n    \"depositpaid\": true,\n    \"bookingdates\": {\n      \"checkin\": \"2018-01-01\",\n      \"checkout\": \"2019-01-01\"\n    },\n    \"additionalneeds\": \"Breakfast\"\n  }\n});",
              "err": {},
              "uuid": "e1310361-554a-42c9-811b-7ca811336992",
              "parentUUID": "08e014d9-4203-4bd7-9620-027f5502df66",
              "isHook": false,
              "skipped": false
            }
          ],
          "suites": [],
          "passes": [
            "e1310361-554a-42c9-811b-7ca811336992"
          ],
          "failures": [],
          "pending": [],
          "skipped": [],
          "duration": 3128,
          "root": false,
          "rootEmpty": false,
          "_timeout": 2000
        }
      ],
      "passes": [],
      "failures": [],
      "pending": [],
      "skipped": [],
      "duration": 0,
      "root": true,
      "rootEmpty": true,
      "_timeout": 2000
    }
  ],
  "meta": {
    "mocha": {
      "version": "7.0.1"
    },
    "mochawesome": {
      "options": {
        "quiet": false,
        "reportFilename": "[name]-report",
        "saveHtml": true,
        "saveJson": true,
        "consoleReporter": "nyan",
        "useInlineDiffs": false,
        "code": true
      },
      "version": "7.1.3"
    },
    "marge": {
      "options": {
        "consoleReporter": "nyan",
        "reportDir": "cypress/report/cypressapitests",
        "overwrite": false,
        "html": true,
        "json": true,
        "timestamp": "ddmmyyyy_HHMMss",
        "reportFilename": "[name]-report"
      },
      "version": "6.2.0"
    }
  }
}