{
  "stats": {
    "suites": 0,
    "tests": 1,
    "passes": 1,
    "pending": 0,
    "failures": 0,
    "start": "2023-03-31T12:21:16.935Z",
    "end": "2023-03-31T12:21:17.723Z",
    "duration": 788,
    "testsRegistered": 1,
    "passPercent": 100,
    "pendingPercent": 0,
    "other": 0,
    "hasOther": false,
    "skipped": 0,
    "hasSkipped": false
  },
  "results": [
    {
      "uuid": "a3e780da-0d4e-42b5-857a-850fcaeeb3df",
      "title": "",
      "fullFile": "cypress\\e2e\\Testes\\login.cy.js",
      "file": "cypress\\e2e\\Testes\\login.cy.js",
      "beforeHooks": [],
      "afterHooks": [],
      "tests": [
        {
          "title": "Login API with valid data",
          "fullTitle": "Login API with valid data",
          "timedOut": null,
          "duration": 697,
          "state": "passed",
          "speed": "fast",
          "pass": true,
          "fail": false,
          "pending": false,
          "context": null,
          "code": "cy.login({}).should(response => {\n  expect(response.status).to.eq(200);\n});",
          "err": {},
          "uuid": "5ae0b1b9-7d26-41ec-95d6-0f224975fcf1",
          "parentUUID": "a3e780da-0d4e-42b5-857a-850fcaeeb3df",
          "isHook": false,
          "skipped": false
        }
      ],
      "suites": [],
      "passes": [
        "5ae0b1b9-7d26-41ec-95d6-0f224975fcf1"
      ],
      "failures": [],
      "pending": [],
      "skipped": [],
      "duration": 697,
      "root": true,
      "rootEmpty": false,
      "_timeout": 2000
    }
  ],
  "meta": {
    "mocha": {
      "version": "7.0.1"
    },
    "mochawesome": {
      "options": {
        "quiet": false,
        "reportFilename": "[name]-report",
        "saveHtml": true,
        "saveJson": true,
        "consoleReporter": "nyan",
        "useInlineDiffs": false,
        "code": true
      },
      "version": "7.1.3"
    },
    "marge": {
      "options": {
        "consoleReporter": "nyan",
        "reportDir": "cypress/report/cypressapitests",
        "overwrite": false,
        "html": true,
        "json": true,
        "timestamp": "ddmmyyyy_HHMMss",
        "reportFilename": "[name]-report"
      },
      "version": "6.2.0"
    }
  }
}