{
  "stats": {
    "suites": 0,
    "tests": 1,
    "passes": 1,
    "pending": 0,
    "failures": 0,
    "start": "2023-03-31T13:27:50.062Z",
    "end": "2023-03-31T13:27:51.005Z",
    "duration": 943,
    "testsRegistered": 1,
    "passPercent": 100,
    "pendingPercent": 0,
    "other": 0,
    "hasOther": false,
    "skipped": 0,
    "hasSkipped": false
  },
  "results": [
    {
      "uuid": "ae961b16-65d6-4bb9-9367-ceb80aa86ae2",
      "title": "",
      "fullFile": "cypress\\e2e\\batch-2\\login.cy.js",
      "file": "cypress\\e2e\\batch-2\\login.cy.js",
      "beforeHooks": [],
      "afterHooks": [],
      "tests": [
        {
          "title": "Login API with valid data",
          "fullTitle": "Login API with valid data",
          "timedOut": null,
          "duration": 898,
          "state": "passed",
          "speed": "fast",
          "pass": true,
          "fail": false,
          "pending": false,
          "context": null,
          "code": "cy.login({}).should(response => {\n  expect(response.status).to.eq(200);\n});",
          "err": {},
          "uuid": "8df42fdf-5963-4d08-a184-51aa3c3ca9a8",
          "parentUUID": "ae961b16-65d6-4bb9-9367-ceb80aa86ae2",
          "isHook": false,
          "skipped": false
        }
      ],
      "suites": [],
      "passes": [
        "8df42fdf-5963-4d08-a184-51aa3c3ca9a8"
      ],
      "failures": [],
      "pending": [],
      "skipped": [],
      "duration": 898,
      "root": true,
      "rootEmpty": false,
      "_timeout": 2000
    }
  ],
  "meta": {
    "mocha": {
      "version": "7.0.1"
    },
    "mochawesome": {
      "options": {
        "quiet": false,
        "reportFilename": "[name]-report",
        "saveHtml": true,
        "saveJson": true,
        "consoleReporter": "nyan",
        "useInlineDiffs": false,
        "code": true
      },
      "version": "7.1.3"
    },
    "marge": {
      "options": {
        "consoleReporter": "nyan",
        "reportDir": "cypress/report/cypressapitests",
        "overwrite": false,
        "html": true,
        "json": true,
        "timestamp": "ddmmyyyy_HHMMss",
        "reportFilename": "[name]-report"
      },
      "version": "6.2.0"
    }
  }
}